/var/www/html/vanas_node/node_modules/mysql/lib/protocol/Parser.js:437
      throw err; // Rethrow non-MySQL errors
      ^

Error: ER_BAD_FIELD_ERROR: Unknown column 'undefined' in 'where clause'
    at Query.Sequence._packetToError (/var/www/html/vanas_node/node_modules/mysql/lib/protocol/sequences/Sequence.js:47:14)
    at Query.ErrorPacket (/var/www/html/vanas_node/node_modules/mysql/lib/protocol/sequences/Query.js:79:18)
    at Protocol._parsePacket (/var/www/html/vanas_node/node_modules/mysql/lib/protocol/Protocol.js:291:23)
    at Parser._parsePacket (/var/www/html/vanas_node/node_modules/mysql/lib/protocol/Parser.js:433:10)
    at Parser.write (/var/www/html/vanas_node/node_modules/mysql/lib/protocol/Parser.js:43:10)
    at Protocol.write (/var/www/html/vanas_node/node_modules/mysql/lib/protocol/Protocol.js:38:16)
    at Socket.<anonymous> (/var/www/html/vanas_node/node_modules/mysql/lib/Connection.js:88:28)
    at Socket.<anonymous> (/var/www/html/vanas_node/node_modules/mysql/lib/Connection.js:526:10)
    at Socket.emit (events.js:311:20)
    at Socket.EventEmitter.emit (domain.js:482:12)
    --------------------
    at Protocol._enqueue (/var/www/html/vanas_node/node_modules/mysql/lib/protocol/Protocol.js:144:48)
    at Connection.query (/var/www/html/vanas_node/node_modules/mysql/lib/Connection.js:198:25)
    at Query.<anonymous> (/var/www/html/vanas_node/server.js:1303:21)
    at Query.emit (events.js:323:22)
    at Query.EventEmitter.emit (domain.js:482:12)
    at Query.Sequence.end (/var/www/html/vanas_node/node_modules/mysql/lib/protocol/sequences/Sequence.js:86:12)
    at Query._handleFinalResultPacket (/var/www/html/vanas_node/node_modules/mysql/lib/protocol/sequences/Query.js:149:8)
    at Query.EofPacket (/var/www/html/vanas_node/node_modules/mysql/lib/protocol/sequences/Query.js:133:8)
    at Protocol._parsePacket (/var/www/html/vanas_node/node_modules/mysql/lib/protocol/Protocol.js:291:23)
    at Parser._parsePacket (/var/www/html/vanas_node/node_modules/mysql/lib/protocol/Parser.js:433:10)
Emitted 'error' event on Connection instance at:
    at Connection._handleProtocolError (/var/www/html/vanas_node/node_modules/mysql/lib/Connection.js:423:8)
    at Protocol.emit (events.js:311:20)
    at Protocol.EventEmitter.emit (domain.js:482:12)
    at Protocol._delegateError (/var/www/html/vanas_node/node_modules/mysql/lib/protocol/Protocol.js:398:10)
    at Query.<anonymous> (/var/www/html/vanas_node/node_modules/mysql/lib/protocol/Protocol.js:153:12)
    at Query.emit (events.js:311:20)
    at Query.EventEmitter.emit (domain.js:482:12)
    at Query.Sequence.end (/var/www/html/vanas_node/node_modules/mysql/lib/protocol/sequences/Sequence.js:78:12)
    at Query.ErrorPacket (/var/www/html/vanas_node/node_modules/mysql/lib/protocol/sequences/Query.js:92:8)
    at Protocol._parsePacket (/var/www/html/vanas_node/node_modules/mysql/lib/protocol/Protocol.js:291:23) {
  code: 'ER_BAD_FIELD_ERROR',
  errno: 1054,
  sqlMessage: "Unknown column 'undefined' in 'where clause'",
  sqlState: '42S22',
  index: 0,
  sql: 'SELECT COUNT(1) as total FROM v_gallery_feed_comments_comments WHERE fl_gallery_comment=undefined and origen="undefined"'
}
/var/www/html/vanas_node/node_modules/mysql/lib/protocol/Parser.js:437
      throw err; // Rethrow non-MySQL errors
      ^

Error: ER_BAD_FIELD_ERROR: Unknown column 'undefined' in 'where clause'
    at Query.Sequence._packetToError (/var/www/html/vanas_node/node_modules/mysql/lib/protocol/sequences/Sequence.js:47:14)
    at Query.ErrorPacket (/var/www/html/vanas_node/node_modules/mysql/lib/protocol/sequences/Query.js:79:18)
    at Protocol._parsePacket (/var/www/html/vanas_node/node_modules/mysql/lib/protocol/Protocol.js:291:23)
    at Parser._parsePacket (/var/www/html/vanas_node/node_modules/mysql/lib/protocol/Parser.js:433:10)
    at Parser.write (/var/www/html/vanas_node/node_modules/mysql/lib/protocol/Parser.js:43:10)
    at Protocol.write (/var/www/html/vanas_node/node_modules/mysql/lib/protocol/Protocol.js:38:16)
    at Socket.<anonymous> (/var/www/html/vanas_node/node_modules/mysql/lib/Connection.js:88:28)
    at Socket.<anonymous> (/var/www/html/vanas_node/node_modules/mysql/lib/Connection.js:526:10)
    at Socket.emit (events.js:311:20)
    at Socket.EventEmitter.emit (domain.js:482:12)
    --------------------
    at Protocol._enqueue (/var/www/html/vanas_node/node_modules/mysql/lib/protocol/Protocol.js:144:48)
    at Connection.query (/var/www/html/vanas_node/node_modules/mysql/lib/Connection.js:198:25)
    at Query.<anonymous> (/var/www/html/vanas_node/server.js:1303:21)
    at Query.emit (events.js:323:22)
    at Query.EventEmitter.emit (domain.js:482:12)
    at Query.Sequence.end (/var/www/html/vanas_node/node_modules/mysql/lib/protocol/sequences/Sequence.js:86:12)
    at Query._handleFinalResultPacket (/var/www/html/vanas_node/node_modules/mysql/lib/protocol/sequences/Query.js:149:8)
    at Query.EofPacket (/var/www/html/vanas_node/node_modules/mysql/lib/protocol/sequences/Query.js:133:8)
    at Protocol._parsePacket (/var/www/html/vanas_node/node_modules/mysql/lib/protocol/Protocol.js:291:23)
    at Parser._parsePacket (/var/www/html/vanas_node/node_modules/mysql/lib/protocol/Parser.js:433:10)
Emitted 'error' event on Connection instance at:
    at Connection._handleProtocolError (/var/www/html/vanas_node/node_modules/mysql/lib/Connection.js:423:8)
    at Protocol.emit (events.js:311:20)
    at Protocol.EventEmitter.emit (domain.js:482:12)
    at Protocol._delegateError (/var/www/html/vanas_node/node_modules/mysql/lib/protocol/Protocol.js:398:10)
    at Query.<anonymous> (/var/www/html/vanas_node/node_modules/mysql/lib/protocol/Protocol.js:153:12)
    at Query.emit (events.js:311:20)
    at Query.EventEmitter.emit (domain.js:482:12)
    at Query.Sequence.end (/var/www/html/vanas_node/node_modules/mysql/lib/protocol/sequences/Sequence.js:78:12)
    at Query.ErrorPacket (/var/www/html/vanas_node/node_modules/mysql/lib/protocol/sequences/Query.js:92:8)
    at Protocol._parsePacket (/var/www/html/vanas_node/node_modules/mysql/lib/protocol/Protocol.js:291:23) {
  code: 'ER_BAD_FIELD_ERROR',
  errno: 1054,
  sqlMessage: "Unknown column 'undefined' in 'where clause'",
  sqlState: '42S22',
  index: 0,
  sql: 'SELECT COUNT(1) as total FROM v_gallery_feed_comments_comments WHERE fl_gallery_comment=undefined and origen="undefined"'
}
